<?xml version="1.0" encoding="UTF-8"?>
<!-- Generated by org.testng.reporters.JUnitXMLReporter -->
<testsuite ignored="0" hostname="LAPTOP-F1RJBVSC" failures="0" tests="4" name="Default test" time="3.644" errors="0" timestamp="2021-11-13T23:03:04 IST">
  <testcase classname="files.DynamicJson" name="addBook" time="2.759"/>
  <testcase classname="files.DynamicJson" name="addBook" time="0.268"/>
  <testcase classname="files.DynamicJson" name="addBook" time="0.295"/>
  <testcase classname="files.DynamicJson" name="addBook" time="0.214"/>
</testsuite> <!-- Default test -->
