<?xml version="1.0" encoding="UTF-8"?>
<testng-results ignored="0" total="4" passed="4" failed="0" skipped="0">
  <reporter-output>
  </reporter-output>
  <suite started-at="2021-11-13T23:03:00 IST" name="Default suite" finished-at="2021-11-13T23:03:04 IST" duration-ms="3644">
    <groups>
    </groups>
    <test started-at="2021-11-13T23:03:00 IST" name="Default test" finished-at="2021-11-13T23:03:04 IST" duration-ms="3644">
      <class name="files.DynamicJson">
        <test-method signature="addBook(java.lang.String,java.lang.String)[pri:0, instance:files.DynamicJson@140c9f39]" started-at="2021-11-13T23:03:00 IST" name="addBook" data-provider="BooksData" finished-at="2021-11-13T23:03:03 IST" duration-ms="2759" status="PASS">
          <params>
            <param index="0">
              <value>
                <![CDATA[lev2]]>
              </value>
            </param>
            <param index="1">
              <value>
                <![CDATA[235]]>
              </value>
            </param>
          </params>
          <reporter-output>
          </reporter-output>
        </test-method> <!-- addBook -->
        <test-method signature="addBook(java.lang.String,java.lang.String)[pri:0, instance:files.DynamicJson@140c9f39]" started-at="2021-11-13T23:03:03 IST" name="addBook" data-provider="BooksData" finished-at="2021-11-13T23:03:03 IST" duration-ms="268" status="PASS">
          <params>
            <param index="0">
              <value>
                <![CDATA[lev3]]>
              </value>
            </param>
            <param index="1">
              <value>
                <![CDATA[236]]>
              </value>
            </param>
          </params>
          <reporter-output>
          </reporter-output>
        </test-method> <!-- addBook -->
        <test-method signature="addBook(java.lang.String,java.lang.String)[pri:0, instance:files.DynamicJson@140c9f39]" started-at="2021-11-13T23:03:03 IST" name="addBook" data-provider="BooksData" finished-at="2021-11-13T23:03:04 IST" duration-ms="295" status="PASS">
          <params>
            <param index="0">
              <value>
                <![CDATA[lev4]]>
              </value>
            </param>
            <param index="1">
              <value>
                <![CDATA[237]]>
              </value>
            </param>
          </params>
          <reporter-output>
          </reporter-output>
        </test-method> <!-- addBook -->
        <test-method signature="addBook(java.lang.String,java.lang.String)[pri:0, instance:files.DynamicJson@140c9f39]" started-at="2021-11-13T23:03:04 IST" name="addBook" data-provider="BooksData" finished-at="2021-11-13T23:03:04 IST" duration-ms="214" status="PASS">
          <params>
            <param index="0">
              <value>
                <![CDATA[lev5]]>
              </value>
            </param>
            <param index="1">
              <value>
                <![CDATA[238]]>
              </value>
            </param>
          </params>
          <reporter-output>
          </reporter-output>
        </test-method> <!-- addBook -->
      </class> <!-- files.DynamicJson -->
    </test> <!-- Default test -->
  </suite> <!-- Default suite -->
</testng-results>
